2021-01-15 17:27:41,972 DEBUG    root            Loaded Command Group: ['gcloud', 'components']
2021-01-15 17:27:41,977 DEBUG    root            Loaded Command Group: ['gcloud', 'components', 'update']
2021-01-15 17:27:41,980 DEBUG    root            Running [gcloud.components.update] with arguments: [--allow-no-backup: "True", --quiet: "True", COMPONENT-IDS:7: "['core', 'gcloud-deps', 'bq', 'gcloud', 'gsutil', 'anthoscli', 'kuberun']"]
2021-01-15 17:27:41,985 INFO     ___FILE_ONLY___ Beginning update. This process may take several minutes.

2021-01-15 17:27:54,055 INFO     ___FILE_ONLY___ 

2021-01-15 17:27:54,056 INFO     ___FILE_ONLY___ 
Your current Cloud SDK version is: 323.0.0

2021-01-15 17:27:54,056 INFO     ___FILE_ONLY___ Installing components from version: 323.0.0

2021-01-15 17:27:54,056 INFO     ___FILE_ONLY___ 

2021-01-15 17:27:54,225 INFO     ___FILE_ONLY___ ┌─────────────────────────────────────────────────────────────────────────────┐
2021-01-15 17:27:54,225 INFO     ___FILE_ONLY___ 

2021-01-15 17:27:54,225 INFO     ___FILE_ONLY___ │                     These components will be installed.                     │
2021-01-15 17:27:54,225 INFO     ___FILE_ONLY___ 

2021-01-15 17:27:54,225 INFO     ___FILE_ONLY___ ├─────────────────────────────────────────────────────┬────────────┬──────────┤
2021-01-15 17:27:54,225 INFO     ___FILE_ONLY___ 

2021-01-15 17:27:54,225 INFO     ___FILE_ONLY___ │                         Name                        │  Version   │   Size   │
2021-01-15 17:27:54,225 INFO     ___FILE_ONLY___ 

2021-01-15 17:27:54,226 INFO     ___FILE_ONLY___ ├─────────────────────────────────────────────────────┼────────────┼──────────┤
2021-01-15 17:27:54,226 INFO     ___FILE_ONLY___ 

2021-01-15 17:27:54,226 INFO     ___FILE_ONLY___ │ 
2021-01-15 17:27:54,226 INFO     ___FILE_ONLY___ BigQuery Command Line Tool                         
2021-01-15 17:27:54,226 INFO     ___FILE_ONLY___  
2021-01-15 17:27:54,226 INFO     ___FILE_ONLY___ │ 
2021-01-15 17:27:54,226 INFO     ___FILE_ONLY___     2.0.64
2021-01-15 17:27:54,226 INFO     ___FILE_ONLY___  
2021-01-15 17:27:54,227 INFO     ___FILE_ONLY___ │ 
2021-01-15 17:27:54,227 INFO     ___FILE_ONLY___  < 1 MiB
2021-01-15 17:27:54,227 INFO     ___FILE_ONLY___  
2021-01-15 17:27:54,227 INFO     ___FILE_ONLY___ │
2021-01-15 17:27:54,227 INFO     ___FILE_ONLY___ 

2021-01-15 17:27:54,227 INFO     ___FILE_ONLY___ │ 
2021-01-15 17:27:54,227 INFO     ___FILE_ONLY___ BigQuery Command Line Tool (Platform Specific)     
2021-01-15 17:27:54,227 INFO     ___FILE_ONLY___  
2021-01-15 17:27:54,228 INFO     ___FILE_ONLY___ │ 
2021-01-15 17:27:54,228 INFO     ___FILE_ONLY___     2.0.58
2021-01-15 17:27:54,228 INFO     ___FILE_ONLY___  
2021-01-15 17:27:54,228 INFO     ___FILE_ONLY___ │ 
2021-01-15 17:27:54,228 INFO     ___FILE_ONLY___  < 1 MiB
2021-01-15 17:27:54,228 INFO     ___FILE_ONLY___  
2021-01-15 17:27:54,228 INFO     ___FILE_ONLY___ │
2021-01-15 17:27:54,228 INFO     ___FILE_ONLY___ 

2021-01-15 17:27:54,229 INFO     ___FILE_ONLY___ │ 
2021-01-15 17:27:54,229 INFO     ___FILE_ONLY___ Cloud SDK Core Libraries (Platform Specific)       
2021-01-15 17:27:54,229 INFO     ___FILE_ONLY___  
2021-01-15 17:27:54,229 INFO     ___FILE_ONLY___ │ 
2021-01-15 17:27:54,229 INFO     ___FILE_ONLY___ 2020.07.10
2021-01-15 17:27:54,229 INFO     ___FILE_ONLY___  
2021-01-15 17:27:54,229 INFO     ___FILE_ONLY___ │ 
2021-01-15 17:27:54,229 INFO     ___FILE_ONLY___  < 1 MiB
2021-01-15 17:27:54,230 INFO     ___FILE_ONLY___  
2021-01-15 17:27:54,230 INFO     ___FILE_ONLY___ │
2021-01-15 17:27:54,230 INFO     ___FILE_ONLY___ 

2021-01-15 17:27:54,230 INFO     ___FILE_ONLY___ │ 
2021-01-15 17:27:54,230 INFO     ___FILE_ONLY___ Cloud Storage Command Line Tool                    
2021-01-15 17:27:54,230 INFO     ___FILE_ONLY___  
2021-01-15 17:27:54,230 INFO     ___FILE_ONLY___ │ 
2021-01-15 17:27:54,230 INFO     ___FILE_ONLY___       4.57
2021-01-15 17:27:54,231 INFO     ___FILE_ONLY___  
2021-01-15 17:27:54,231 INFO     ___FILE_ONLY___ │ 
2021-01-15 17:27:54,231 INFO     ___FILE_ONLY___  3.5 MiB
2021-01-15 17:27:54,231 INFO     ___FILE_ONLY___  
2021-01-15 17:27:54,231 INFO     ___FILE_ONLY___ │
2021-01-15 17:27:54,231 INFO     ___FILE_ONLY___ 

2021-01-15 17:27:54,231 INFO     ___FILE_ONLY___ │ 
2021-01-15 17:27:54,231 INFO     ___FILE_ONLY___ Cloud Storage Command Line Tool (Platform Specific)
2021-01-15 17:27:54,231 INFO     ___FILE_ONLY___  
2021-01-15 17:27:54,232 INFO     ___FILE_ONLY___ │ 
2021-01-15 17:27:54,232 INFO     ___FILE_ONLY___       4.51
2021-01-15 17:27:54,232 INFO     ___FILE_ONLY___  
2021-01-15 17:27:54,232 INFO     ___FILE_ONLY___ │ 
2021-01-15 17:27:54,232 INFO     ___FILE_ONLY___  < 1 MiB
2021-01-15 17:27:54,232 INFO     ___FILE_ONLY___  
2021-01-15 17:27:54,232 INFO     ___FILE_ONLY___ │
2021-01-15 17:27:54,232 INFO     ___FILE_ONLY___ 

2021-01-15 17:27:54,232 INFO     ___FILE_ONLY___ │ 
2021-01-15 17:27:54,232 INFO     ___FILE_ONLY___ Kuberun                                            
2021-01-15 17:27:54,232 INFO     ___FILE_ONLY___  
2021-01-15 17:27:54,232 INFO     ___FILE_ONLY___ │ 
2021-01-15 17:27:54,232 INFO     ___FILE_ONLY___      0.0.1
2021-01-15 17:27:54,232 INFO     ___FILE_ONLY___  
2021-01-15 17:27:54,233 INFO     ___FILE_ONLY___ │ 
2021-01-15 17:27:54,233 INFO     ___FILE_ONLY___ 23.2 MiB
2021-01-15 17:27:54,233 INFO     ___FILE_ONLY___  
2021-01-15 17:27:54,233 INFO     ___FILE_ONLY___ │
2021-01-15 17:27:54,233 INFO     ___FILE_ONLY___ 

2021-01-15 17:27:54,233 INFO     ___FILE_ONLY___ │ 
2021-01-15 17:27:54,233 INFO     ___FILE_ONLY___ anthoscli                                          
2021-01-15 17:27:54,233 INFO     ___FILE_ONLY___  
2021-01-15 17:27:54,233 INFO     ___FILE_ONLY___ │ 
2021-01-15 17:27:54,233 INFO     ___FILE_ONLY___      0.2.7
2021-01-15 17:27:54,233 INFO     ___FILE_ONLY___  
2021-01-15 17:27:54,233 INFO     ___FILE_ONLY___ │ 
2021-01-15 17:27:54,234 INFO     ___FILE_ONLY___ 51.7 MiB
2021-01-15 17:27:54,234 INFO     ___FILE_ONLY___  
2021-01-15 17:27:54,234 INFO     ___FILE_ONLY___ │
2021-01-15 17:27:54,234 INFO     ___FILE_ONLY___ 

2021-01-15 17:27:54,234 INFO     ___FILE_ONLY___ │ 
2021-01-15 17:27:54,234 INFO     ___FILE_ONLY___ gcloud cli dependencies                            
2021-01-15 17:27:54,234 INFO     ___FILE_ONLY___  
2021-01-15 17:27:54,234 INFO     ___FILE_ONLY___ │ 
2021-01-15 17:27:54,234 INFO     ___FILE_ONLY___ 2020.06.12
2021-01-15 17:27:54,234 INFO     ___FILE_ONLY___  
2021-01-15 17:27:54,234 INFO     ___FILE_ONLY___ │ 
2021-01-15 17:27:54,234 INFO     ___FILE_ONLY___  < 1 MiB
2021-01-15 17:27:54,234 INFO     ___FILE_ONLY___  
2021-01-15 17:27:54,234 INFO     ___FILE_ONLY___ │
2021-01-15 17:27:54,235 INFO     ___FILE_ONLY___ 

2021-01-15 17:27:54,235 INFO     ___FILE_ONLY___ └─────────────────────────────────────────────────────┴────────────┴──────────┘
2021-01-15 17:27:54,235 INFO     ___FILE_ONLY___ 

2021-01-15 17:27:54,235 INFO     ___FILE_ONLY___ 

2021-01-15 17:27:54,266 INFO     ___FILE_ONLY___ For the latest full release notes, please visit:
  https://cloud.google.com/sdk/release_notes


2021-01-15 17:27:54,271 INFO     ___FILE_ONLY___ ╔════════════════════════════════════════════════════════════╗

2021-01-15 17:27:54,271 INFO     ___FILE_ONLY___ ╠═ Creating update staging area                             ═╣

2021-01-15 17:27:54,271 INFO     ___FILE_ONLY___ ╚
2021-01-15 17:27:54,271 INFO     ___FILE_ONLY___ ══════
2021-01-15 17:27:54,272 INFO     ___FILE_ONLY___ ══════
2021-01-15 17:27:54,272 INFO     ___FILE_ONLY___ ══════
2021-01-15 17:27:54,457 INFO     ___FILE_ONLY___ ═
2021-01-15 17:27:54,491 INFO     ___FILE_ONLY___ ═
2021-01-15 17:27:54,530 INFO     ___FILE_ONLY___ ═
2021-01-15 17:27:54,566 INFO     ___FILE_ONLY___ ═
2021-01-15 17:27:54,602 INFO     ___FILE_ONLY___ ═
2021-01-15 17:27:54,636 INFO     ___FILE_ONLY___ ═
2021-01-15 17:27:54,670 INFO     ___FILE_ONLY___ ═
2021-01-15 17:27:54,711 INFO     ___FILE_ONLY___ ═
2021-01-15 17:27:54,758 INFO     ___FILE_ONLY___ ═
2021-01-15 17:27:54,790 INFO     ___FILE_ONLY___ ═
2021-01-15 17:27:54,832 INFO     ___FILE_ONLY___ ═
2021-01-15 17:27:54,881 INFO     ___FILE_ONLY___ ═
2021-01-15 17:27:54,925 INFO     ___FILE_ONLY___ ═
2021-01-15 17:27:55,075 INFO     ___FILE_ONLY___ ═
2021-01-15 17:27:55,123 INFO     ___FILE_ONLY___ ═
2021-01-15 17:27:55,157 INFO     ___FILE_ONLY___ ═
2021-01-15 17:27:55,177 INFO     ___FILE_ONLY___ ═
2021-01-15 17:27:55,196 INFO     ___FILE_ONLY___ ═
2021-01-15 17:27:55,216 INFO     ___FILE_ONLY___ ═
2021-01-15 17:27:55,236 INFO     ___FILE_ONLY___ ═
2021-01-15 17:27:55,257 INFO     ___FILE_ONLY___ ═
2021-01-15 17:27:55,277 INFO     ___FILE_ONLY___ ═
2021-01-15 17:27:55,303 INFO     ___FILE_ONLY___ ═
2021-01-15 17:27:55,349 INFO     ___FILE_ONLY___ ═
2021-01-15 17:27:55,376 INFO     ___FILE_ONLY___ ═
2021-01-15 17:27:55,449 INFO     ___FILE_ONLY___ ═
2021-01-15 17:27:55,503 INFO     ___FILE_ONLY___ ═
2021-01-15 17:27:55,604 INFO     ___FILE_ONLY___ ═
2021-01-15 17:27:55,689 INFO     ___FILE_ONLY___ ═
2021-01-15 17:27:55,736 INFO     ___FILE_ONLY___ ═
2021-01-15 17:27:55,771 INFO     ___FILE_ONLY___ ═
2021-01-15 17:27:55,810 INFO     ___FILE_ONLY___ ═
2021-01-15 17:27:55,849 INFO     ___FILE_ONLY___ ═
2021-01-15 17:27:55,891 INFO     ___FILE_ONLY___ ═
2021-01-15 17:27:55,929 INFO     ___FILE_ONLY___ ═
2021-01-15 17:27:55,968 INFO     ___FILE_ONLY___ ═
2021-01-15 17:27:56,019 INFO     ___FILE_ONLY___ ═
2021-01-15 17:27:56,073 INFO     ___FILE_ONLY___ ═
2021-01-15 17:27:56,112 INFO     ___FILE_ONLY___ ═
2021-01-15 17:27:56,150 INFO     ___FILE_ONLY___ ═
2021-01-15 17:27:56,185 INFO     ___FILE_ONLY___ ═
2021-01-15 17:27:56,225 INFO     ___FILE_ONLY___ ═
2021-01-15 17:27:56,225 INFO     ___FILE_ONLY___ ╝

2021-01-15 17:27:56,290 INFO     ___FILE_ONLY___ ╔════════════════════════════════════════════════════════════╗

2021-01-15 17:27:56,291 INFO     ___FILE_ONLY___ ╠═ Installing: BigQuery Command Line Tool                   ═╣

2021-01-15 17:27:56,291 INFO     ___FILE_ONLY___ ╚
2021-01-15 17:27:56,314 INFO     ___FILE_ONLY___ ═
2021-01-15 17:27:56,315 INFO     ___FILE_ONLY___ ═
2021-01-15 17:27:56,316 INFO     ___FILE_ONLY___ ═
2021-01-15 17:27:56,317 INFO     ___FILE_ONLY___ ═
2021-01-15 17:27:56,317 INFO     ___FILE_ONLY___ ═
2021-01-15 17:27:56,318 INFO     ___FILE_ONLY___ ═
2021-01-15 17:27:56,318 INFO     ___FILE_ONLY___ ═
2021-01-15 17:27:56,319 INFO     ___FILE_ONLY___ ═
2021-01-15 17:27:56,319 INFO     ___FILE_ONLY___ ═
2021-01-15 17:27:56,319 INFO     ___FILE_ONLY___ ═
2021-01-15 17:27:56,320 INFO     ___FILE_ONLY___ ═
2021-01-15 17:27:56,320 INFO     ___FILE_ONLY___ ═
2021-01-15 17:27:56,321 INFO     ___FILE_ONLY___ ═
2021-01-15 17:27:56,321 INFO     ___FILE_ONLY___ ═
2021-01-15 17:27:56,321 INFO     ___FILE_ONLY___ ═
2021-01-15 17:27:56,322 INFO     ___FILE_ONLY___ ═
2021-01-15 17:27:56,322 INFO     ___FILE_ONLY___ ═
2021-01-15 17:27:56,322 INFO     ___FILE_ONLY___ ═
2021-01-15 17:27:56,323 INFO     ___FILE_ONLY___ ═
2021-01-15 17:27:56,323 INFO     ___FILE_ONLY___ ═
2021-01-15 17:27:56,323 INFO     ___FILE_ONLY___ ═
2021-01-15 17:27:56,324 INFO     ___FILE_ONLY___ ═
2021-01-15 17:27:56,324 INFO     ___FILE_ONLY___ ═
2021-01-15 17:27:56,324 INFO     ___FILE_ONLY___ ═
2021-01-15 17:27:56,325 INFO     ___FILE_ONLY___ ═
2021-01-15 17:27:56,325 INFO     ___FILE_ONLY___ ═
2021-01-15 17:27:56,325 INFO     ___FILE_ONLY___ ═
2021-01-15 17:27:56,326 INFO     ___FILE_ONLY___ ═
2021-01-15 17:27:56,326 INFO     ___FILE_ONLY___ ═
2021-01-15 17:27:56,328 INFO     ___FILE_ONLY___ ═
2021-01-15 17:27:56,377 INFO     ___FILE_ONLY___ ═
2021-01-15 17:27:56,385 INFO     ___FILE_ONLY___ ═
2021-01-15 17:27:56,388 INFO     ___FILE_ONLY___ ═
2021-01-15 17:27:56,391 INFO     ___FILE_ONLY___ ═
2021-01-15 17:27:56,393 INFO     ___FILE_ONLY___ ═
2021-01-15 17:27:56,396 INFO     ___FILE_ONLY___ ═
2021-01-15 17:27:56,399 INFO     ___FILE_ONLY___ ═
2021-01-15 17:27:56,401 INFO     ___FILE_ONLY___ ═
2021-01-15 17:27:56,404 INFO     ___FILE_ONLY___ ═
2021-01-15 17:27:56,406 INFO     ___FILE_ONLY___ ═
2021-01-15 17:27:56,412 INFO     ___FILE_ONLY___ ═
2021-01-15 17:27:56,415 INFO     ___FILE_ONLY___ ═
2021-01-15 17:27:56,418 INFO     ___FILE_ONLY___ ═
2021-01-15 17:27:56,421 INFO     ___FILE_ONLY___ ═
2021-01-15 17:27:56,423 INFO     ___FILE_ONLY___ ═
2021-01-15 17:27:56,425 INFO     ___FILE_ONLY___ ═
2021-01-15 17:27:56,428 INFO     ___FILE_ONLY___ ═
2021-01-15 17:27:56,430 INFO     ___FILE_ONLY___ ═
2021-01-15 17:27:56,433 INFO     ___FILE_ONLY___ ═
2021-01-15 17:27:56,436 INFO     ___FILE_ONLY___ ═
2021-01-15 17:27:56,439 INFO     ___FILE_ONLY___ ═
2021-01-15 17:27:56,441 INFO     ___FILE_ONLY___ ═
2021-01-15 17:27:56,443 INFO     ___FILE_ONLY___ ═
2021-01-15 17:27:56,446 INFO     ___FILE_ONLY___ ═
2021-01-15 17:27:56,449 INFO     ___FILE_ONLY___ ═
2021-01-15 17:27:56,451 INFO     ___FILE_ONLY___ ═
2021-01-15 17:27:56,454 INFO     ___FILE_ONLY___ ═
2021-01-15 17:27:56,456 INFO     ___FILE_ONLY___ ═
2021-01-15 17:27:56,459 INFO     ___FILE_ONLY___ ═
2021-01-15 17:27:56,462 INFO     ___FILE_ONLY___ ═
2021-01-15 17:27:56,462 INFO     ___FILE_ONLY___ ╝

2021-01-15 17:27:56,475 INFO     ___FILE_ONLY___ ╔════════════════════════════════════════════════════════════╗

2021-01-15 17:27:56,475 INFO     ___FILE_ONLY___ ╠═ Installing: BigQuery Command Line Tool (Platform Spec... ═╣

2021-01-15 17:27:56,475 INFO     ___FILE_ONLY___ ╚
2021-01-15 17:27:56,499 INFO     ___FILE_ONLY___ ══════════════════════════════
2021-01-15 17:27:56,500 INFO     ___FILE_ONLY___ ══════════════════════════════
2021-01-15 17:27:56,501 INFO     ___FILE_ONLY___ ╝

2021-01-15 17:27:56,509 INFO     ___FILE_ONLY___ ╔════════════════════════════════════════════════════════════╗

2021-01-15 17:27:56,510 INFO     ___FILE_ONLY___ ╠═ Installing: Cloud SDK Core Libraries (Platform Specific) ═╣

2021-01-15 17:27:56,510 INFO     ___FILE_ONLY___ ╚
2021-01-15 17:27:56,535 INFO     ___FILE_ONLY___ ══════════════════════════════
2021-01-15 17:27:56,537 INFO     ___FILE_ONLY___ ═══════════════
2021-01-15 17:27:56,537 INFO     ___FILE_ONLY___ ═══════════════
2021-01-15 17:27:56,537 INFO     ___FILE_ONLY___ ╝

2021-01-15 17:27:56,545 INFO     ___FILE_ONLY___ ╔════════════════════════════════════════════════════════════╗

2021-01-15 17:27:56,546 INFO     ___FILE_ONLY___ ╠═ Installing: Cloud Storage Command Line Tool              ═╣

2021-01-15 17:27:56,546 INFO     ___FILE_ONLY___ ╚
2021-01-15 17:27:56,570 INFO     ___FILE_ONLY___ ═
2021-01-15 17:27:56,572 INFO     ___FILE_ONLY___ ═
2021-01-15 17:27:56,573 INFO     ___FILE_ONLY___ ═
2021-01-15 17:27:56,575 INFO     ___FILE_ONLY___ ═
2021-01-15 17:27:56,576 INFO     ___FILE_ONLY___ ═
2021-01-15 17:27:56,578 INFO     ___FILE_ONLY___ ═
2021-01-15 17:27:56,579 INFO     ___FILE_ONLY___ ═
2021-01-15 17:27:56,580 INFO     ___FILE_ONLY___ ═
2021-01-15 17:27:56,582 INFO     ___FILE_ONLY___ ═
2021-01-15 17:27:56,583 INFO     ___FILE_ONLY___ ═
2021-01-15 17:27:56,585 INFO     ___FILE_ONLY___ ═
2021-01-15 17:27:56,586 INFO     ___FILE_ONLY___ ═
2021-01-15 17:27:56,587 INFO     ___FILE_ONLY___ ═
2021-01-15 17:27:56,589 INFO     ___FILE_ONLY___ ═
2021-01-15 17:27:56,590 INFO     ___FILE_ONLY___ ═
2021-01-15 17:27:56,592 INFO     ___FILE_ONLY___ ═
2021-01-15 17:27:56,593 INFO     ___FILE_ONLY___ ═
2021-01-15 17:27:56,593 INFO     ___FILE_ONLY___ ═
2021-01-15 17:27:56,594 INFO     ___FILE_ONLY___ ═
2021-01-15 17:27:56,595 INFO     ___FILE_ONLY___ ═
2021-01-15 17:27:56,596 INFO     ___FILE_ONLY___ ═
2021-01-15 17:27:56,596 INFO     ___FILE_ONLY___ ═
2021-01-15 17:27:56,597 INFO     ___FILE_ONLY___ ═
2021-01-15 17:27:56,598 INFO     ___FILE_ONLY___ ═
2021-01-15 17:27:56,598 INFO     ___FILE_ONLY___ ═
2021-01-15 17:27:56,599 INFO     ___FILE_ONLY___ ═
2021-01-15 17:27:56,600 INFO     ___FILE_ONLY___ ═
2021-01-15 17:27:56,600 INFO     ___FILE_ONLY___ ═
2021-01-15 17:27:56,601 INFO     ___FILE_ONLY___ ═
2021-01-15 17:27:56,603 INFO     ___FILE_ONLY___ ═
2021-01-15 17:27:56,842 INFO     ___FILE_ONLY___ ═
2021-01-15 17:27:56,858 INFO     ___FILE_ONLY___ ═
2021-01-15 17:27:56,874 INFO     ___FILE_ONLY___ ═
2021-01-15 17:27:56,892 INFO     ___FILE_ONLY___ ═
2021-01-15 17:27:56,906 INFO     ___FILE_ONLY___ ═
2021-01-15 17:27:56,922 INFO     ___FILE_ONLY___ ═
2021-01-15 17:27:56,940 INFO     ___FILE_ONLY___ ═
2021-01-15 17:27:56,951 INFO     ___FILE_ONLY___ ═
2021-01-15 17:27:56,963 INFO     ___FILE_ONLY___ ═
2021-01-15 17:27:56,975 INFO     ___FILE_ONLY___ ═
2021-01-15 17:27:56,987 INFO     ___FILE_ONLY___ ═
2021-01-15 17:27:57,001 INFO     ___FILE_ONLY___ ═
2021-01-15 17:27:57,015 INFO     ___FILE_ONLY___ ═
2021-01-15 17:27:57,029 INFO     ___FILE_ONLY___ ═
2021-01-15 17:27:57,040 INFO     ___FILE_ONLY___ ═
2021-01-15 17:27:57,061 INFO     ___FILE_ONLY___ ═
2021-01-15 17:27:57,081 INFO     ___FILE_ONLY___ ═
2021-01-15 17:27:57,101 INFO     ___FILE_ONLY___ ═
2021-01-15 17:27:57,117 INFO     ___FILE_ONLY___ ═
2021-01-15 17:27:57,131 INFO     ___FILE_ONLY___ ═
2021-01-15 17:27:57,141 INFO     ___FILE_ONLY___ ═
2021-01-15 17:27:57,154 INFO     ___FILE_ONLY___ ═
2021-01-15 17:27:57,166 INFO     ___FILE_ONLY___ ═
2021-01-15 17:27:57,180 INFO     ___FILE_ONLY___ ═
2021-01-15 17:27:57,197 INFO     ___FILE_ONLY___ ═
2021-01-15 17:27:57,211 INFO     ___FILE_ONLY___ ═
2021-01-15 17:27:57,230 INFO     ___FILE_ONLY___ ═
2021-01-15 17:27:57,246 INFO     ___FILE_ONLY___ ═
2021-01-15 17:27:57,258 INFO     ___FILE_ONLY___ ═
2021-01-15 17:27:57,271 INFO     ___FILE_ONLY___ ═
2021-01-15 17:27:57,272 INFO     ___FILE_ONLY___ ╝

2021-01-15 17:27:57,320 INFO     ___FILE_ONLY___ ╔════════════════════════════════════════════════════════════╗

2021-01-15 17:27:57,320 INFO     ___FILE_ONLY___ ╠═ Installing: Cloud Storage Command Line Tool (Platform... ═╣

2021-01-15 17:27:57,320 INFO     ___FILE_ONLY___ ╚
2021-01-15 17:27:57,343 INFO     ___FILE_ONLY___ ══════════════════════════════
2021-01-15 17:27:57,344 INFO     ___FILE_ONLY___ ══════════════════════════════
2021-01-15 17:27:57,344 INFO     ___FILE_ONLY___ ╝

2021-01-15 17:27:57,352 INFO     ___FILE_ONLY___ ╔════════════════════════════════════════════════════════════╗

2021-01-15 17:27:57,353 INFO     ___FILE_ONLY___ ╠═ Installing: Default set of gcloud commands               ═╣

2021-01-15 17:27:57,353 INFO     ___FILE_ONLY___ ╚
2021-01-15 17:27:57,358 INFO     ___FILE_ONLY___ ════════════════════════════════════════════════════════════
2021-01-15 17:27:57,358 INFO     ___FILE_ONLY___ ╝

2021-01-15 17:27:57,362 INFO     ___FILE_ONLY___ ╔════════════════════════════════════════════════════════════╗

2021-01-15 17:27:57,362 INFO     ___FILE_ONLY___ ╠═ Installing: Kuberun                                      ═╣

2021-01-15 17:27:57,362 INFO     ___FILE_ONLY___ ╚
2021-01-15 17:27:57,396 INFO     ___FILE_ONLY___ ═
2021-01-15 17:27:57,403 INFO     ___FILE_ONLY___ ═
2021-01-15 17:27:57,409 INFO     ___FILE_ONLY___ ═
2021-01-15 17:27:57,412 INFO     ___FILE_ONLY___ ═
2021-01-15 17:27:57,416 INFO     ___FILE_ONLY___ ═
2021-01-15 17:27:57,419 INFO     ___FILE_ONLY___ ═
2021-01-15 17:27:57,422 INFO     ___FILE_ONLY___ ═
2021-01-15 17:27:57,425 INFO     ___FILE_ONLY___ ═
2021-01-15 17:27:57,429 INFO     ___FILE_ONLY___ ═
2021-01-15 17:27:57,432 INFO     ___FILE_ONLY___ ═
2021-01-15 17:27:57,435 INFO     ___FILE_ONLY___ ═
2021-01-15 17:27:57,439 INFO     ___FILE_ONLY___ ═
2021-01-15 17:27:57,442 INFO     ___FILE_ONLY___ ═
2021-01-15 17:27:57,445 INFO     ___FILE_ONLY___ ═
2021-01-15 17:27:57,449 INFO     ___FILE_ONLY___ ═
2021-01-15 17:27:57,452 INFO     ___FILE_ONLY___ ═
2021-01-15 17:27:57,455 INFO     ___FILE_ONLY___ ═
2021-01-15 17:27:57,458 INFO     ___FILE_ONLY___ ═
2021-01-15 17:27:57,462 INFO     ___FILE_ONLY___ ═
2021-01-15 17:27:57,465 INFO     ___FILE_ONLY___ ═
2021-01-15 17:27:57,468 INFO     ___FILE_ONLY___ ═
2021-01-15 17:27:57,471 INFO     ___FILE_ONLY___ ═
2021-01-15 17:27:57,475 INFO     ___FILE_ONLY___ ═
2021-01-15 17:27:57,478 INFO     ___FILE_ONLY___ ═
2021-01-15 17:27:57,482 INFO     ___FILE_ONLY___ ═
2021-01-15 17:27:57,485 INFO     ___FILE_ONLY___ ═
2021-01-15 17:27:57,488 INFO     ___FILE_ONLY___ ═
2021-01-15 17:27:57,491 INFO     ___FILE_ONLY___ ═
2021-01-15 17:27:57,494 INFO     ___FILE_ONLY___ ═
2021-01-15 17:27:57,498 INFO     ___FILE_ONLY___ ═
2021-01-15 17:27:58,369 INFO     ___FILE_ONLY___ ═
2021-01-15 17:27:58,369 INFO     ___FILE_ONLY___ ═
2021-01-15 17:27:58,370 INFO     ___FILE_ONLY___ ═
2021-01-15 17:27:58,370 INFO     ___FILE_ONLY___ ══
2021-01-15 17:27:58,370 INFO     ___FILE_ONLY___ ═
2021-01-15 17:27:58,371 INFO     ___FILE_ONLY___ ═
2021-01-15 17:27:58,371 INFO     ___FILE_ONLY___ ═
2021-01-15 17:27:58,371 INFO     ___FILE_ONLY___ ══
2021-01-15 17:27:58,372 INFO     ___FILE_ONLY___ ═
2021-01-15 17:27:58,372 INFO     ___FILE_ONLY___ ═
2021-01-15 17:27:58,372 INFO     ___FILE_ONLY___ ═
2021-01-15 17:27:58,373 INFO     ___FILE_ONLY___ ══
2021-01-15 17:27:58,373 INFO     ___FILE_ONLY___ ═
2021-01-15 17:27:58,373 INFO     ___FILE_ONLY___ ═
2021-01-15 17:27:58,374 INFO     ___FILE_ONLY___ ═
2021-01-15 17:27:58,374 INFO     ___FILE_ONLY___ ═
2021-01-15 17:27:58,374 INFO     ___FILE_ONLY___ ══
2021-01-15 17:27:58,374 INFO     ___FILE_ONLY___ ═
2021-01-15 17:27:58,375 INFO     ___FILE_ONLY___ ═
2021-01-15 17:27:58,375 INFO     ___FILE_ONLY___ ══
2021-01-15 17:27:58,375 INFO     ___FILE_ONLY___ ═
2021-01-15 17:27:58,376 INFO     ___FILE_ONLY___ ═
2021-01-15 17:27:58,376 INFO     ___FILE_ONLY___ ═
2021-01-15 17:27:58,377 INFO     ___FILE_ONLY___ ══
2021-01-15 17:27:58,378 INFO     ___FILE_ONLY___ ╝

2021-01-15 17:27:58,390 INFO     ___FILE_ONLY___ ╔════════════════════════════════════════════════════════════╗

2021-01-15 17:27:58,390 INFO     ___FILE_ONLY___ ╠═ Installing: Kuberun                                      ═╣

2021-01-15 17:27:58,390 INFO     ___FILE_ONLY___ ╚
2021-01-15 17:27:58,395 INFO     ___FILE_ONLY___ ════════════════════════════════════════════════════════════
2021-01-15 17:27:58,395 INFO     ___FILE_ONLY___ ╝

2021-01-15 17:27:58,399 INFO     ___FILE_ONLY___ ╔════════════════════════════════════════════════════════════╗

2021-01-15 17:27:58,399 INFO     ___FILE_ONLY___ ╠═ Installing: anthoscli                                    ═╣

2021-01-15 17:27:58,399 INFO     ___FILE_ONLY___ ╚
2021-01-15 17:27:58,404 INFO     ___FILE_ONLY___ ════════════════════════════════════════════════════════════
2021-01-15 17:27:58,404 INFO     ___FILE_ONLY___ ╝

2021-01-15 17:27:58,408 INFO     ___FILE_ONLY___ ╔════════════════════════════════════════════════════════════╗

2021-01-15 17:27:58,408 INFO     ___FILE_ONLY___ ╠═ Installing: anthoscli                                    ═╣

2021-01-15 17:27:58,408 INFO     ___FILE_ONLY___ ╚
2021-01-15 17:27:58,452 INFO     ___FILE_ONLY___ ═
2021-01-15 17:27:58,461 INFO     ___FILE_ONLY___ ═
2021-01-15 17:27:58,468 INFO     ___FILE_ONLY___ ═
2021-01-15 17:27:58,476 INFO     ___FILE_ONLY___ ═
2021-01-15 17:27:58,483 INFO     ___FILE_ONLY___ ═
2021-01-15 17:27:58,491 INFO     ___FILE_ONLY___ ═
2021-01-15 17:27:58,498 INFO     ___FILE_ONLY___ ═
2021-01-15 17:27:58,506 INFO     ___FILE_ONLY___ ═
2021-01-15 17:27:58,513 INFO     ___FILE_ONLY___ ═
2021-01-15 17:27:58,521 INFO     ___FILE_ONLY___ ═
2021-01-15 17:27:58,529 INFO     ___FILE_ONLY___ ═
2021-01-15 17:27:58,536 INFO     ___FILE_ONLY___ ═
2021-01-15 17:27:58,544 INFO     ___FILE_ONLY___ ═
2021-01-15 17:27:58,552 INFO     ___FILE_ONLY___ ═
2021-01-15 17:27:58,560 INFO     ___FILE_ONLY___ ═
2021-01-15 17:27:58,567 INFO     ___FILE_ONLY___ ═
2021-01-15 17:27:58,575 INFO     ___FILE_ONLY___ ═
2021-01-15 17:27:58,583 INFO     ___FILE_ONLY___ ═
2021-01-15 17:27:58,590 INFO     ___FILE_ONLY___ ═
2021-01-15 17:27:58,597 INFO     ___FILE_ONLY___ ═
2021-01-15 17:27:58,605 INFO     ___FILE_ONLY___ ═
2021-01-15 17:27:58,612 INFO     ___FILE_ONLY___ ═
2021-01-15 17:27:58,620 INFO     ___FILE_ONLY___ ═
2021-01-15 17:27:58,628 INFO     ___FILE_ONLY___ ═
2021-01-15 17:27:58,635 INFO     ___FILE_ONLY___ ═
2021-01-15 17:27:58,643 INFO     ___FILE_ONLY___ ═
2021-01-15 17:27:58,651 INFO     ___FILE_ONLY___ ═
2021-01-15 17:27:58,659 INFO     ___FILE_ONLY___ ═
2021-01-15 17:27:58,666 INFO     ___FILE_ONLY___ ═
2021-01-15 17:27:58,674 INFO     ___FILE_ONLY___ ═
2021-01-15 17:28:00,566 INFO     ___FILE_ONLY___ ══════════
2021-01-15 17:28:00,571 INFO     ___FILE_ONLY___ ═════════
2021-01-15 17:28:00,593 INFO     ___FILE_ONLY___ ═══════════
2021-01-15 17:28:00,593 INFO     ___FILE_ONLY___ ╝

2021-01-15 17:28:00,610 INFO     ___FILE_ONLY___ ╔════════════════════════════════════════════════════════════╗

2021-01-15 17:28:00,610 INFO     ___FILE_ONLY___ ╠═ Installing: gcloud cli dependencies                      ═╣

2021-01-15 17:28:00,610 INFO     ___FILE_ONLY___ ╚
2021-01-15 17:28:00,636 INFO     ___FILE_ONLY___ ══════════════════════════════
2021-01-15 17:28:00,637 INFO     ___FILE_ONLY___ ══════
2021-01-15 17:28:00,637 INFO     ___FILE_ONLY___ ══════
2021-01-15 17:28:00,637 INFO     ___FILE_ONLY___ ══════
2021-01-15 17:28:00,638 INFO     ___FILE_ONLY___ ══════
2021-01-15 17:28:00,638 INFO     ___FILE_ONLY___ ══════
2021-01-15 17:28:00,638 INFO     ___FILE_ONLY___ ╝

2021-01-15 17:28:00,647 INFO     ___FILE_ONLY___ ╔════════════════════════════════════════════════════════════╗

2021-01-15 17:28:00,647 INFO     ___FILE_ONLY___ ╠═ Creating backup and activating new installation          ═╣

2021-01-15 17:28:00,647 INFO     ___FILE_ONLY___ ╚
2021-01-15 17:28:00,647 DEBUG    root            Attempting to move directory [/tools/google-cloud-sdk] to [/tools/google-cloud-sdk.staging/.install/.backup]
2021-01-15 17:28:00,647 INFO     ___FILE_ONLY___ ══════════════════════════════
2021-01-15 17:28:00,648 DEBUG    root            Attempting to move directory [/tools/google-cloud-sdk.staging] to [/tools/google-cloud-sdk]
2021-01-15 17:28:00,648 INFO     ___FILE_ONLY___ ══════════════════════════════
2021-01-15 17:28:00,648 INFO     ___FILE_ONLY___ ╝

2021-01-15 17:28:00,652 DEBUG    root            Updating notification cache...
2021-01-15 17:28:00,652 INFO     ___FILE_ONLY___ 

2021-01-15 17:28:00,656 INFO     ___FILE_ONLY___ Performing post processing steps...
2021-01-15 17:28:00,657 DEBUG    root            Executing command: ['python3', '-S', '/tools/google-cloud-sdk/lib/gcloud.py', 'components', 'post-process']
2021-01-15 17:28:15,002 DEBUG    ___FILE_ONLY___ 
2021-01-15 17:28:15,002 DEBUG    ___FILE_ONLY___ 
2021-01-15 17:28:15,180 INFO     ___FILE_ONLY___ 
Update done!


2021-01-15 17:28:15,184 INFO     root            Display format: "none"
